<?xml version="1.0" encoding="UTF-8"?>
<testsuite name="FilesystemTest" tests="1" skipped="0" failures="0" errors="0" timestamp="2023-01-06T11:40:26" hostname="AT-ALJLQ6P5" time="0.03">
  <properties/>
  <testcase name="readInputIntoArrayTest()" classname="FilesystemTest" time="0.03"/>
  <system-out><![CDATA[]]></system-out>
  <system-err><![CDATA[]]></system-err>
</testsuite>
