<?xml version="1.0" encoding="UTF-8"?>
<testsuite name="FilesystemTest" tests="1" skipped="0" failures="0" errors="0" timestamp="2023-01-06T14:23:58" hostname="AT-ALJLQ6P5" time="0.032">
  <properties/>
  <testcase name="extractDirectoriesTest()" classname="FilesystemTest" time="0.032"/>
  <system-out><![CDATA[]]></system-out>
  <system-err><![CDATA[]]></system-err>
</testsuite>
